#! /usr/bin/vvp
:ivl_version "12.0 (stable)";
:ivl_delay_selection "TYPICAL";
:vpi_time_precision + 0;
:vpi_module "/usr/lib64/ivl/system.vpi";
:vpi_module "/usr/lib64/ivl/vhdl_sys.vpi";
:vpi_module "/usr/lib64/ivl/vhdl_textio.vpi";
:vpi_module "/usr/lib64/ivl/v2005_math.vpi";
:vpi_module "/usr/lib64/ivl/va_math.vpi";
S_0x55f1225f29a0 .scope module, "testbench" "testbench" 2 1;
 .timescale 0 0;
v0x55f12260ff50_0 .net "DataAdr", 31 0, v0x55f122607a50_0;  1 drivers
v0x55f122610030_0 .net "MemWrite", 0 0, L_0x55f122610780;  1 drivers
v0x55f122610180_0 .net "WriteData", 31 0, L_0x55f122623fd0;  1 drivers
v0x55f1226102b0_0 .var "clk", 0 0;
v0x55f122610350_0 .var "reset", 0 0;
S_0x55f1225d3810 .scope module, "dut" "top" 2 7, 3 1 0, S_0x55f1225f29a0;
 .timescale 0 0;
    .port_info 0 /INPUT 1 "clk";
    .port_info 1 /INPUT 1 "reset";
    .port_info 2 /OUTPUT 32 "WriteData";
    .port_info 3 /OUTPUT 32 "DataAdr";
    .port_info 4 /OUTPUT 1 "MemWrite";
v0x55f12260f7f0_0 .net "DataAdr", 31 0, v0x55f122607a50_0;  alias, 1 drivers
v0x55f12260f8d0_0 .net "Instr", 31 0, L_0x55f1226247b0;  1 drivers
v0x55f12260fa20_0 .net "MemWrite", 0 0, L_0x55f122610780;  alias, 1 drivers
v0x55f12260fac0_0 .net "PC", 31 0, v0x55f122609900_0;  1 drivers
v0x55f12260fb60_0 .net "ReadData", 31 0, L_0x55f1226255b0;  1 drivers
v0x55f12260fcb0_0 .net "WriteData", 31 0, L_0x55f122623fd0;  alias, 1 drivers
v0x55f12260fd70_0 .net "clk", 0 0, v0x55f1226102b0_0;  1 drivers
v0x55f12260fe10_0 .net "reset", 0 0, v0x55f122610350_0;  1 drivers
S_0x55f1225eb790 .scope module, "dmem" "dmem" 3 35, 4 1 0, S_0x55f1225d3810;
 .timescale 0 0;
    .port_info 0 /INPUT 1 "clk";
    .port_info 1 /INPUT 1 "we";
    .port_info 2 /INPUT 32 "a";
    .port_info 3 /INPUT 32 "wd";
    .port_info 4 /OUTPUT 32 "rd";
L_0x55f1226255b0 .functor BUFZ 32, L_0x55f122625420, C4<00000000000000000000000000000000>, C4<00000000000000000000000000000000>, C4<00000000000000000000000000000000>;
v0x55f1225e5a70 .array "RAM", 63 0, 31 0;
v0x55f1225bf780_0 .net *"_ivl_0", 31 0, L_0x55f122625420;  1 drivers
v0x55f122599da0_0 .net *"_ivl_3", 29 0, L_0x55f1226254c0;  1 drivers
v0x55f1225a1d50_0 .net "a", 31 0, v0x55f122607a50_0;  alias, 1 drivers
v0x55f1225bd8f0_0 .net "clk", 0 0, v0x55f1226102b0_0;  alias, 1 drivers
v0x55f1226022d0_0 .net "rd", 31 0, L_0x55f1226255b0;  alias, 1 drivers
v0x55f1226023b0_0 .net "wd", 31 0, L_0x55f122623fd0;  alias, 1 drivers
v0x55f122602490_0 .net "we", 0 0, L_0x55f122610780;  alias, 1 drivers
E_0x55f12257aab0 .event posedge, v0x55f1225bd8f0_0;
L_0x55f122625420 .array/port v0x55f1225e5a70, L_0x55f1226254c0;
L_0x55f1226254c0 .part v0x55f122607a50_0, 2, 30;
S_0x55f122578ef0 .scope module, "imem" "imem" 3 30, 5 1 0, S_0x55f1225d3810;
 .timescale 0 0;
    .port_info 0 /INPUT 32 "a";
    .port_info 1 /OUTPUT 32 "rd";
L_0x55f1226247b0 .functor BUFZ 32, L_0x55f122625240, C4<00000000000000000000000000000000>, C4<00000000000000000000000000000000>, C4<00000000000000000000000000000000>;
v0x55f122602610 .array "RAM", 0 63, 31 0;
v0x55f1226026f0_0 .net *"_ivl_0", 31 0, L_0x55f122625240;  1 drivers
v0x55f1226027d0_0 .net *"_ivl_3", 29 0, L_0x55f1226252e0;  1 drivers
v0x55f122602890_0 .net "a", 31 0, v0x55f122609900_0;  alias, 1 drivers
v0x55f122602970_0 .net "rd", 31 0, L_0x55f1226247b0;  alias, 1 drivers
L_0x55f122625240 .array/port v0x55f122602610, L_0x55f1226252e0;
L_0x55f1226252e0 .part v0x55f122609900_0, 2, 30;
S_0x55f122602ab0 .scope module, "risc" "risc" 3 19, 6 1 0, S_0x55f1225d3810;
 .timescale 0 0;
    .port_info 0 /INPUT 1 "clk";
    .port_info 1 /INPUT 1 "reset";
    .port_info 2 /OUTPUT 32 "PC";
    .port_info 3 /INPUT 32 "Instr";
    .port_info 4 /OUTPUT 1 "MemWrite";
    .port_info 5 /OUTPUT 32 "ALUResult";
    .port_info 6 /OUTPUT 32 "WriteData";
    .port_info 7 /INPUT 32 "ReadData";
v0x55f12260e910_0 .net "ALUControl", 2 0, v0x55f122602ee0_0;  1 drivers
v0x55f12260e9f0_0 .net "ALUResult", 31 0, v0x55f122607a50_0;  alias, 1 drivers
v0x55f12260eab0_0 .net "ALUSrc", 0 0, L_0x55f122610650;  1 drivers
v0x55f12260eb50_0 .net "ImmSrc", 2 0, L_0x55f122610520;  1 drivers
v0x55f12260ebf0_0 .net "Instr", 31 0, L_0x55f1226247b0;  alias, 1 drivers
v0x55f12260ecb0_0 .net "MemWrite", 0 0, L_0x55f122610780;  alias, 1 drivers
v0x55f12260eda0_0 .net "PC", 31 0, v0x55f122609900_0;  alias, 1 drivers
v0x55f12260ee60_0 .net "PCSrc", 0 0, L_0x55f122611680;  1 drivers
v0x55f12260ef00_0 .net "ReadData", 31 0, L_0x55f1226255b0;  alias, 1 drivers
v0x55f12260f050_0 .net "RegWrite", 0 0, L_0x55f1226103f0;  1 drivers
v0x55f12260f0f0_0 .net "ResultSrc", 1 0, L_0x55f1226108b0;  1 drivers
v0x55f12260f1b0_0 .net "Sub", 0 0, L_0x55f122611550;  1 drivers
v0x55f12260f250_0 .net "Up", 0 0, L_0x55f122610e70;  1 drivers
v0x55f12260f2f0_0 .net "WriteData", 31 0, L_0x55f122623fd0;  alias, 1 drivers
v0x55f12260f400_0 .net "Zero", 0 0, L_0x55f122624a80;  1 drivers
v0x55f12260f4a0_0 .net "clk", 0 0, v0x55f1226102b0_0;  alias, 1 drivers
v0x55f12260f540_0 .net "reset", 0 0, v0x55f122610350_0;  alias, 1 drivers
L_0x55f1226117d0 .part L_0x55f1226247b0, 25, 7;
L_0x55f1226118c0 .part L_0x55f1226247b0, 12, 3;
L_0x55f1226119b0 .part L_0x55f1226247b0, 0, 7;
S_0x55f122602d10 .scope module, "cl" "controller" 6 29, 7 1 0, S_0x55f122602ab0;
 .timescale 0 0;
    .port_info 0 /INPUT 1 "clk";
    .port_info 1 /INPUT 1 "reset";
    .port_info 2 /INPUT 7 "Funct7";
    .port_info 3 /INPUT 3 "Funct3";
    .port_info 4 /INPUT 7 "OPcode";
    .port_info 5 /OUTPUT 1 "PCSrc";
    .port_info 6 /OUTPUT 2 "ResultSrc";
    .port_info 7 /OUTPUT 1 "MemWrite";
    .port_info 8 /OUTPUT 3 "ALUControl";
    .port_info 9 /OUTPUT 1 "ALUSrc";
    .port_info 10 /OUTPUT 3 "ImmSrc";
    .port_info 11 /OUTPUT 1 "RegWrite";
    .port_info 12 /OUTPUT 1 "Up";
    .port_info 13 /INPUT 1 "Zero";
    .port_info 14 /OUTPUT 1 "Sub";
L_0x55f122611120 .functor AND 1, L_0x55f122610f70, L_0x55f122611010, C4<1>, C4<1>;
L_0x55f122611230 .functor AND 1, L_0x55f122611120, L_0x55f122611190, C4<1>, C4<1>;
L_0x55f1226110b0 .functor AND 1, L_0x55f122624a80, L_0x55f1226109e0, C4<1>, C4<1>;
L_0x55f122611680 .functor OR 1, L_0x55f1226110b0, L_0x55f122610b60, C4<0>, C4<0>;
v0x55f122602ee0_0 .var "ALUControl", 2 0;
v0x55f122602fe0_0 .net "ALUOp", 1 0, L_0x55f122610ac0;  1 drivers
v0x55f1226030c0_0 .net "ALUSrc", 0 0, L_0x55f122610650;  alias, 1 drivers
v0x55f122603160_0 .net "Branch", 0 0, L_0x55f1226109e0;  1 drivers
v0x55f122603220_0 .net "Funct3", 2 0, L_0x55f1226118c0;  1 drivers
v0x55f122603300_0 .net "Funct7", 6 0, L_0x55f1226117d0;  1 drivers
v0x55f1226033e0_0 .net "ImmSrc", 2 0, L_0x55f122610520;  alias, 1 drivers
v0x55f1226034c0_0 .net "Jump", 0 0, L_0x55f122610b60;  1 drivers
v0x55f122603580_0 .net "MemWrite", 0 0, L_0x55f122610780;  alias, 1 drivers
v0x55f122603620_0 .net "OPcode", 6 0, L_0x55f1226119b0;  1 drivers
v0x55f1226036e0_0 .net "PCSrc", 0 0, L_0x55f122611680;  alias, 1 drivers
v0x55f1226037a0_0 .net "RegWrite", 0 0, L_0x55f1226103f0;  alias, 1 drivers
v0x55f122603860_0 .net "ResultSrc", 1 0, L_0x55f1226108b0;  alias, 1 drivers
v0x55f122603940_0 .net "Sub", 0 0, L_0x55f122611550;  alias, 1 drivers
v0x55f122603a00_0 .net "Up", 0 0, L_0x55f122610e70;  alias, 1 drivers
v0x55f122603ac0_0 .net "Zero", 0 0, L_0x55f122624a80;  alias, 1 drivers
v0x55f122603b80_0 .net *"_ivl_10", 11 0, v0x55f1226048a0_0;  1 drivers
L_0x7f056d441018 .functor BUFT 1, C4<011>, C4<0>, C4<0>, C4<0>;
v0x55f122603c60_0 .net/2u *"_ivl_11", 2 0, L_0x7f056d441018;  1 drivers
v0x55f122603d40_0 .net *"_ivl_13", 0 0, L_0x55f122610dd0;  1 drivers
L_0x7f056d441060 .functor BUFT 1, C4<1>, C4<0>, C4<0>, C4<0>;
v0x55f122603e00_0 .net/2u *"_ivl_15", 0 0, L_0x7f056d441060;  1 drivers
L_0x7f056d4410a8 .functor BUFT 1, C4<0>, C4<0>, C4<0>, C4<0>;
v0x55f122603ee0_0 .net/2u *"_ivl_17", 0 0, L_0x7f056d4410a8;  1 drivers
L_0x7f056d4410f0 .functor BUFT 1, C4<000>, C4<0>, C4<0>, C4<0>;
v0x55f122603fc0_0 .net/2u *"_ivl_21", 2 0, L_0x7f056d4410f0;  1 drivers
v0x55f1226040a0_0 .net *"_ivl_23", 0 0, L_0x55f122610f70;  1 drivers
v0x55f122604160_0 .net *"_ivl_26", 0 0, L_0x55f122611010;  1 drivers
v0x55f122604240_0 .net *"_ivl_28", 0 0, L_0x55f122611120;  1 drivers
v0x55f122604300_0 .net *"_ivl_30", 0 0, L_0x55f122611190;  1 drivers
v0x55f1226043e0_0 .net *"_ivl_32", 0 0, L_0x55f122611230;  1 drivers
L_0x7f056d441138 .functor BUFT 1, C4<01>, C4<0>, C4<0>, C4<0>;
v0x55f1226044a0_0 .net/2s *"_ivl_33", 1 0, L_0x7f056d441138;  1 drivers
L_0x7f056d441180 .functor BUFT 1, C4<00>, C4<0>, C4<0>, C4<0>;
v0x55f122604580_0 .net/2s *"_ivl_35", 1 0, L_0x7f056d441180;  1 drivers
v0x55f122604660_0 .net *"_ivl_37", 1 0, L_0x55f122611340;  1 drivers
v0x55f122604740_0 .net *"_ivl_42", 0 0, L_0x55f1226110b0;  1 drivers
v0x55f122604800_0 .net "clk", 0 0, v0x55f1226102b0_0;  alias, 1 drivers
v0x55f1226048a0_0 .var "controls", 11 0;
v0x55f122604b70_0 .net "reset", 0 0, v0x55f122610350_0;  alias, 1 drivers
E_0x55f12257a230 .event anyedge, v0x55f122602fe0_0, v0x55f122603220_0;
E_0x55f12257a690 .event anyedge, v0x55f122603620_0;
L_0x55f1226103f0 .part v0x55f1226048a0_0, 11, 1;
L_0x55f122610520 .part v0x55f1226048a0_0, 8, 3;
L_0x55f122610650 .part v0x55f1226048a0_0, 7, 1;
L_0x55f122610780 .part v0x55f1226048a0_0, 6, 1;
L_0x55f1226108b0 .part v0x55f1226048a0_0, 4, 2;
L_0x55f1226109e0 .part v0x55f1226048a0_0, 3, 1;
L_0x55f122610ac0 .part v0x55f1226048a0_0, 1, 2;
L_0x55f122610b60 .part v0x55f1226048a0_0, 0, 1;
L_0x55f122610dd0 .cmp/eeq 3, L_0x55f122610520, L_0x7f056d441018;
L_0x55f122610e70 .functor MUXZ 1, L_0x7f056d4410a8, L_0x7f056d441060, L_0x55f122610dd0, C4<>;
L_0x55f122610f70 .cmp/eq 3, L_0x55f1226118c0, L_0x7f056d4410f0;
L_0x55f122611010 .part L_0x55f1226119b0, 5, 1;
L_0x55f122611190 .part L_0x55f1226117d0, 5, 1;
L_0x55f122611340 .functor MUXZ 2, L_0x7f056d441180, L_0x7f056d441138, L_0x55f122611230, C4<>;
L_0x55f122611550 .part L_0x55f122611340, 0, 1;
S_0x55f122604e10 .scope module, "dp" "datapath" 6 48, 8 1 0, S_0x55f122602ab0;
 .timescale 0 0;
    .port_info 0 /INPUT 1 "clk";
    .port_info 1 /INPUT 1 "reset";
    .port_info 2 /OUTPUT 32 "PC";
    .port_info 3 /INPUT 32 "Instr";
    .port_info 4 /INPUT 1 "PCSrc";
    .port_info 5 /INPUT 2 "ResultSrc";
    .port_info 6 /INPUT 3 "ALUControl";
    .port_info 7 /INPUT 1 "ALUSrc";
    .port_info 8 /INPUT 3 "ImmSrc";
    .port_info 9 /INPUT 1 "RegWrite";
    .port_info 10 /OUTPUT 32 "ALUResult";
    .port_info 11 /OUTPUT 32 "WriteData";
    .port_info 12 /INPUT 32 "ReadData";
    .port_info 13 /OUTPUT 1 "Zero";
    .port_info 14 /INPUT 1 "Up";
    .port_info 15 /INPUT 1 "Sub";
L_0x55f122623fd0 .functor BUFZ 32, L_0x55f122622140, C4<00000000000000000000000000000000>, C4<00000000000000000000000000000000>, C4<00000000000000000000000000000000>;
L_0x55f1226242d0 .functor NOT 1, L_0x55f122610e70, C4<0>, C4<0>, C4<0>;
v0x55f12260d010_0 .net "ALUControl", 2 0, v0x55f122602ee0_0;  alias, 1 drivers
v0x55f12260d0f0_0 .net "ALUResult", 31 0, v0x55f122607a50_0;  alias, 1 drivers
v0x55f12260d1b0_0 .net "ALUSrc", 0 0, L_0x55f122610650;  alias, 1 drivers
v0x55f12260d2a0_0 .net "ImmExt", 31 0, v0x55f122608960_0;  1 drivers
v0x55f12260d340_0 .net "ImmSrc", 2 0, L_0x55f122610520;  alias, 1 drivers
v0x55f12260d4a0_0 .net "Instr", 31 0, L_0x55f1226247b0;  alias, 1 drivers
v0x55f12260d5b0_0 .net "PC", 31 0, v0x55f122609900_0;  alias, 1 drivers
v0x55f12260d670_0 .net "PCNext", 31 0, L_0x55f122611aa0;  1 drivers
v0x55f12260d730_0 .net "PCPlus4", 31 0, L_0x55f122611bd0;  1 drivers
v0x55f12260d880_0 .net "PCSrc", 0 0, L_0x55f122611680;  alias, 1 drivers
v0x55f12260d920_0 .net "PCTarget", 31 0, L_0x55f122624b70;  1 drivers
v0x55f12260da30_0 .net "ReadData", 31 0, L_0x55f1226255b0;  alias, 1 drivers
v0x55f12260db40_0 .net "RegWrite", 0 0, L_0x55f1226103f0;  alias, 1 drivers
v0x55f12260dc30_0 .net "Result", 31 0, L_0x55f1226250d0;  1 drivers
v0x55f12260dd40_0 .net "ResultSrc", 1 0, L_0x55f1226108b0;  alias, 1 drivers
v0x55f12260de50_0 .net "SrcA", 31 0, L_0x55f122624170;  1 drivers
v0x55f12260df60_0 .net "SrcB", 31 0, L_0x55f122624040;  1 drivers
v0x55f12260e070_0 .net "Sub", 0 0, L_0x55f122611550;  alias, 1 drivers
v0x55f12260e160_0 .net "Up", 0 0, L_0x55f122610e70;  alias, 1 drivers
v0x55f12260e200_0 .net "WriteData", 31 0, L_0x55f122623fd0;  alias, 1 drivers
v0x55f12260e2a0_0 .net "Zero", 0 0, L_0x55f122624a80;  alias, 1 drivers
v0x55f12260e390_0 .net "clk", 0 0, v0x55f1226102b0_0;  alias, 1 drivers
v0x55f12260e430_0 .net "preSrcA", 31 0, L_0x55f122611c70;  1 drivers
v0x55f12260e4d0_0 .net "preSrcB", 31 0, L_0x55f122622140;  1 drivers
v0x55f12260e5e0_0 .net "reset", 0 0, v0x55f122610350_0;  alias, 1 drivers
L_0x55f122623ab0 .part L_0x55f1226247b0, 15, 5;
L_0x55f122623e90 .part L_0x55f1226247b0, 20, 5;
L_0x55f122623f30 .part L_0x55f1226247b0, 7, 5;
S_0x55f122605150 .scope module, "Resultmux" "mux3" 8 122, 9 17 0, S_0x55f122604e10;
 .timescale 0 0;
    .port_info 0 /INPUT 32 "d0";
    .port_info 1 /INPUT 32 "d1";
    .port_info 2 /INPUT 32 "d2";
    .port_info 3 /INPUT 2 "s";
    .port_info 4 /OUTPUT 32 "y";
P_0x55f122605330 .param/l "WIDTH" 0 9 24, +C4<00000000000000000000000000100000>;
v0x55f1226053d0_0 .net *"_ivl_1", 0 0, L_0x55f122624db0;  1 drivers
v0x55f1226054d0_0 .net *"_ivl_3", 0 0, L_0x55f122624e50;  1 drivers
v0x55f1226055b0_0 .net *"_ivl_4", 31 0, L_0x55f122624ef0;  1 drivers
v0x55f1226056a0_0 .net "d0", 31 0, v0x55f122607a50_0;  alias, 1 drivers
v0x55f122605790_0 .net "d1", 31 0, L_0x55f1226255b0;  alias, 1 drivers
v0x55f122605880_0 .net "d2", 31 0, L_0x55f122611bd0;  alias, 1 drivers
v0x55f122605940_0 .net "s", 1 0, L_0x55f1226108b0;  alias, 1 drivers
v0x55f122605a30_0 .net "y", 31 0, L_0x55f1226250d0;  alias, 1 drivers
L_0x55f122624db0 .part L_0x55f1226108b0, 1, 1;
L_0x55f122624e50 .part L_0x55f1226108b0, 0, 1;
L_0x55f122624ef0 .functor MUXZ 32, v0x55f122607a50_0, L_0x55f1226255b0, L_0x55f122624e50, C4<>;
L_0x55f1226250d0 .functor MUXZ 32, L_0x55f122624ef0, L_0x55f122611bd0, L_0x55f122624db0, C4<>;
S_0x55f122605bc0 .scope module, "SrcBmux" "mux" 8 91, 9 1 0, S_0x55f122604e10;
 .timescale 0 0;
    .port_info 0 /INPUT 32 "d0";
    .port_info 1 /INPUT 32 "d1";
    .port_info 2 /INPUT 1 "s";
    .port_info 3 /OUTPUT 32 "y";
P_0x55f122605dc0 .param/l "WIDTH" 0 9 8, +C4<00000000000000000000000000100000>;
v0x55f122605e90_0 .net "d0", 31 0, L_0x55f122622140;  alias, 1 drivers
v0x55f122605f70_0 .net "d1", 31 0, v0x55f122608960_0;  alias, 1 drivers
v0x55f122606050_0 .net "s", 0 0, L_0x55f122610650;  alias, 1 drivers
v0x55f122606150_0 .net "y", 31 0, L_0x55f122624040;  alias, 1 drivers
L_0x55f122624040 .functor MUXZ 32, L_0x55f122622140, v0x55f122608960_0, L_0x55f122610650, C4<>;
S_0x55f1226062a0 .scope module, "UPmux" "mux" 8 98, 9 1 0, S_0x55f122604e10;
 .timescale 0 0;
    .port_info 0 /INPUT 32 "d0";
    .port_info 1 /INPUT 32 "d1";
    .port_info 2 /INPUT 1 "s";
    .port_info 3 /OUTPUT 32 "y";
P_0x55f122606480 .param/l "WIDTH" 0 9 8, +C4<00000000000000000000000000100000>;
L_0x7f056d4412a0 .functor BUFT 1, C4<00000000000000000000000000000000>, C4<0>, C4<0>, C4<0>;
v0x55f1226065f0_0 .net "d0", 31 0, L_0x7f056d4412a0;  1 drivers
v0x55f1226066d0_0 .net "d1", 31 0, L_0x55f122611c70;  alias, 1 drivers
v0x55f1226067b0_0 .net "s", 0 0, L_0x55f1226242d0;  1 drivers
v0x55f122606880_0 .net "y", 31 0, L_0x55f122624170;  alias, 1 drivers
L_0x55f122624170 .functor MUXZ 32, L_0x7f056d4412a0, L_0x55f122611c70, L_0x55f1226242d0, C4<>;
S_0x55f122606a10 .scope module, "adder_pcplus" "adder" 8 63, 10 1 0, S_0x55f122604e10;
 .timescale 0 0;
    .port_info 0 /INPUT 32 "a";
    .port_info 1 /INPUT 32 "b";
    .port_info 2 /OUTPUT 32 "y";
P_0x55f122606bf0 .param/l "WIDTH" 0 10 6, +C4<00000000000000000000000000100000>;
v0x55f122606d00_0 .net "a", 31 0, v0x55f122609900_0;  alias, 1 drivers
L_0x7f056d4411c8 .functor BUFT 1, C4<00000000000000000000000000000100>, C4<0>, C4<0>, C4<0>;
v0x55f122606e10_0 .net "b", 31 0, L_0x7f056d4411c8;  1 drivers
v0x55f122606ed0_0 .net "y", 31 0, L_0x55f122611bd0;  alias, 1 drivers
L_0x55f122611bd0 .arith/sum 32, v0x55f122609900_0, L_0x7f056d4411c8;
S_0x55f122607030 .scope module, "adder_pctarget" "adder" 8 115, 10 1 0, S_0x55f122604e10;
 .timescale 0 0;
    .port_info 0 /INPUT 32 "a";
    .port_info 1 /INPUT 32 "b";
    .port_info 2 /OUTPUT 32 "y";
P_0x55f122607260 .param/l "WIDTH" 0 10 6, +C4<00000000000000000000000000100000>;
v0x55f122607350_0 .net "a", 31 0, v0x55f122609900_0;  alias, 1 drivers
v0x55f122607480_0 .net "b", 31 0, v0x55f122608960_0;  alias, 1 drivers
v0x55f122607540_0 .net "y", 31 0, L_0x55f122624b70;  alias, 1 drivers
L_0x55f122624b70 .arith/sum 32, v0x55f122609900_0, v0x55f122608960_0;
S_0x55f122607690 .scope module, "al" "alu" 8 105, 11 1 0, S_0x55f122604e10;
 .timescale 0 0;
    .port_info 0 /INPUT 32 "preSrcA";
    .port_info 1 /INPUT 32 "preSrcB";
    .port_info 2 /INPUT 3 "ALUControl";
    .port_info 3 /OUTPUT 32 "ALUResult";
    .port_info 4 /OUTPUT 1 "Zero";
    .port_info 5 /INPUT 1 "Sub";
L_0x55f1226243d0 .functor BUFZ 32, L_0x55f122624170, C4<00000000000000000000000000000000>, C4<00000000000000000000000000000000>, C4<00000000000000000000000000000000>;
L_0x55f1226244d0 .functor BUFZ 32, L_0x55f122624040, C4<00000000000000000000000000000000>, C4<00000000000000000000000000000000>, C4<00000000000000000000000000000000>;
L_0x55f1226245d0 .functor NOT 32, L_0x55f1226244d0, C4<00000000000000000000000000000000>, C4<00000000000000000000000000000000>, C4<00000000000000000000000000000000>;
v0x55f122607940_0 .net "ALUControl", 2 0, v0x55f122602ee0_0;  alias, 1 drivers
v0x55f122607a50_0 .var "ALUResult", 31 0;
v0x55f122607b40_0 .net "SrcA", 31 0, L_0x55f1226243d0;  1 drivers
v0x55f122607c00_0 .net "SrcB", 31 0, L_0x55f1226244d0;  1 drivers
v0x55f122607ce0_0 .net "Sub", 0 0, L_0x55f122611550;  alias, 1 drivers
v0x55f122607dd0_0 .net "Zero", 0 0, L_0x55f122624a80;  alias, 1 drivers
v0x55f122607ea0_0 .net *"_ivl_10", 31 0, L_0x55f122624820;  1 drivers
L_0x7f056d4412e8 .functor BUFT 1, C4<0000000000000000000000000000000>, C4<0>, C4<0>, C4<0>;
v0x55f122607f40_0 .net *"_ivl_13", 30 0, L_0x7f056d4412e8;  1 drivers
L_0x7f056d441330 .functor BUFT 1, C4<00000000000000000000000000000000>, C4<0>, C4<0>, C4<0>;
v0x55f122608020_0 .net/2u *"_ivl_16", 31 0, L_0x7f056d441330;  1 drivers
v0x55f122608100_0 .net *"_ivl_4", 31 0, L_0x55f1226245d0;  1 drivers
v0x55f1226081e0_0 .net *"_ivl_8", 31 0, L_0x55f122624710;  1 drivers
v0x55f1226082c0_0 .net "condinvb", 31 0, L_0x55f122624670;  1 drivers
v0x55f1226083a0_0 .net "preSrcA", 31 0, L_0x55f122624170;  alias, 1 drivers
v0x55f122608490_0 .net "preSrcB", 31 0, L_0x55f122624040;  alias, 1 drivers
v0x55f122608560_0 .net "sum", 31 0, L_0x55f122624910;  1 drivers
E_0x55f122565bd0 .event anyedge, v0x55f122602ee0_0, v0x55f122608560_0, v0x55f122607b40_0, v0x55f122607c00_0;
L_0x55f122624670 .functor MUXZ 32, L_0x55f1226244d0, L_0x55f1226245d0, L_0x55f122611550, C4<>;
L_0x55f122624710 .arith/sum 32, L_0x55f1226243d0, L_0x55f122624670;
L_0x55f122624820 .concat [ 1 31 0 0], L_0x55f122611550, L_0x7f056d4412e8;
L_0x55f122624910 .arith/sum 32, L_0x55f122624710, L_0x55f122624820;
L_0x55f122624a80 .cmp/eq 32, v0x55f122607a50_0, L_0x7f056d441330;
S_0x55f122608720 .scope module, "ex" "extend" 8 84, 12 1 0, S_0x55f122604e10;
 .timescale 0 0;
    .port_info 0 /INPUT 32 "Instr";
    .port_info 1 /INPUT 3 "ImmSrc";
    .port_info 2 /OUTPUT 32 "ExtImm";
v0x55f122608960_0 .var "ExtImm", 31 0;
v0x55f122608a90_0 .net "ImmSrc", 2 0, L_0x55f122610520;  alias, 1 drivers
v0x55f122608b50_0 .net "Instr", 31 0, L_0x55f1226247b0;  alias, 1 drivers
E_0x55f12257aaf0 .event anyedge, v0x55f1226033e0_0, v0x55f122602970_0;
S_0x55f122608c90 .scope module, "pcmux" "mux" 8 47, 9 1 0, S_0x55f122604e10;
 .timescale 0 0;
    .port_info 0 /INPUT 32 "d0";
    .port_info 1 /INPUT 32 "d1";
    .port_info 2 /INPUT 1 "s";
    .port_info 3 /OUTPUT 32 "y";
P_0x55f122608e70 .param/l "WIDTH" 0 9 8, +C4<00000000000000000000000000100000>;
v0x55f122608fe0_0 .net "d0", 31 0, L_0x55f122611bd0;  alias, 1 drivers
v0x55f1226090f0_0 .net "d1", 31 0, L_0x55f122624b70;  alias, 1 drivers
v0x55f1226091b0_0 .net "s", 0 0, L_0x55f122611680;  alias, 1 drivers
v0x55f1226092b0_0 .net "y", 31 0, L_0x55f122611aa0;  alias, 1 drivers
L_0x55f122611aa0 .functor MUXZ 32, L_0x55f122611bd0, L_0x55f122624b70, L_0x55f122611680, C4<>;
S_0x55f1226093e0 .scope module, "pcreg" "flopr" 8 55, 13 1 0, S_0x55f122604e10;
 .timescale 0 0;
    .port_info 0 /INPUT 1 "clk";
    .port_info 1 /INPUT 1 "reset";
    .port_info 2 /INPUT 32 "d";
    .port_info 3 /OUTPUT 32 "q";
P_0x55f122607210 .param/l "WIDTH" 0 13 7, +C4<00000000000000000000000000100000>;
v0x55f122609730_0 .net "clk", 0 0, v0x55f1226102b0_0;  alias, 1 drivers
v0x55f122609840_0 .net "d", 31 0, L_0x55f122611aa0;  alias, 1 drivers
v0x55f122609900_0 .var "q", 31 0;
v0x55f1226099d0_0 .net "reset", 0 0, v0x55f122610350_0;  alias, 1 drivers
E_0x55f1226096b0 .event posedge, v0x55f122604b70_0, v0x55f1225bd8f0_0;
S_0x55f122609b10 .scope module, "rf" "regfile" 8 70, 14 1 0, S_0x55f122604e10;
 .timescale 0 0;
    .port_info 0 /INPUT 1 "clk";
    .port_info 1 /INPUT 1 "reset";
    .port_info 2 /INPUT 1 "we3";
    .port_info 3 /INPUT 5 "ra1";
    .port_info 4 /INPUT 5 "ra2";
    .port_info 5 /INPUT 5 "ra3";
    .port_info 6 /INPUT 32 "wd3";
    .port_info 7 /OUTPUT 32 "rd1";
    .port_info 8 /OUTPUT 32 "rd2";
    .port_info 9 /NODIR 0 "";
L_0x55f122611c70 .functor BUFZ 32, L_0x55f122621cf0, C4<00000000000000000000000000000000>, C4<00000000000000000000000000000000>, C4<00000000000000000000000000000000>;
L_0x55f122622140 .functor BUFZ 32, L_0x55f122621ed0, C4<00000000000000000000000000000000>, C4<00000000000000000000000000000000>, C4<00000000000000000000000000000000>;
v0x55f12260c8b0_0 .array/port v0x55f12260c8b0, 0;
L_0x55f1226221b0 .functor BUFZ 32, v0x55f12260c8b0_0, C4<00000000000000000000000000000000>, C4<00000000000000000000000000000000>, C4<00000000000000000000000000000000>;
v0x55f12260c8b0_1 .array/port v0x55f12260c8b0, 1;
L_0x55f122622220 .functor BUFZ 32, v0x55f12260c8b0_1, C4<00000000000000000000000000000000>, C4<00000000000000000000000000000000>, C4<00000000000000000000000000000000>;
v0x55f12260c8b0_2 .array/port v0x55f12260c8b0, 2;
L_0x55f122622290 .functor BUFZ 32, v0x55f12260c8b0_2, C4<00000000000000000000000000000000>, C4<00000000000000000000000000000000>, C4<00000000000000000000000000000000>;
v0x55f12260c8b0_3 .array/port v0x55f12260c8b0, 3;
L_0x55f122622300 .functor BUFZ 32, v0x55f12260c8b0_3, C4<00000000000000000000000000000000>, C4<00000000000000000000000000000000>, C4<00000000000000000000000000000000>;
v0x55f12260c8b0_4 .array/port v0x55f12260c8b0, 4;
L_0x55f122622370 .functor BUFZ 32, v0x55f12260c8b0_4, C4<00000000000000000000000000000000>, C4<00000000000000000000000000000000>, C4<00000000000000000000000000000000>;
v0x55f12260c8b0_5 .array/port v0x55f12260c8b0, 5;
L_0x55f1226223e0 .functor BUFZ 32, v0x55f12260c8b0_5, C4<00000000000000000000000000000000>, C4<00000000000000000000000000000000>, C4<00000000000000000000000000000000>;
v0x55f12260c8b0_6 .array/port v0x55f12260c8b0, 6;
L_0x55f1226224d0 .functor BUFZ 32, v0x55f12260c8b0_6, C4<00000000000000000000000000000000>, C4<00000000000000000000000000000000>, C4<00000000000000000000000000000000>;
v0x55f12260c8b0_7 .array/port v0x55f12260c8b0, 7;
L_0x55f1226225a0 .functor BUFZ 32, v0x55f12260c8b0_7, C4<00000000000000000000000000000000>, C4<00000000000000000000000000000000>, C4<00000000000000000000000000000000>;
v0x55f12260c8b0_8 .array/port v0x55f12260c8b0, 8;
L_0x55f1226226d0 .functor BUFZ 32, v0x55f12260c8b0_8, C4<00000000000000000000000000000000>, C4<00000000000000000000000000000000>, C4<00000000000000000000000000000000>;
v0x55f12260c8b0_9 .array/port v0x55f12260c8b0, 9;
L_0x55f1226227a0 .functor BUFZ 32, v0x55f12260c8b0_9, C4<00000000000000000000000000000000>, C4<00000000000000000000000000000000>, C4<00000000000000000000000000000000>;
v0x55f12260c8b0_10 .array/port v0x55f12260c8b0, 10;
L_0x55f1226228e0 .functor BUFZ 32, v0x55f12260c8b0_10, C4<00000000000000000000000000000000>, C4<00000000000000000000000000000000>, C4<00000000000000000000000000000000>;
v0x55f12260c8b0_11 .array/port v0x55f12260c8b0, 11;
L_0x55f1226229b0 .functor BUFZ 32, v0x55f12260c8b0_11, C4<00000000000000000000000000000000>, C4<00000000000000000000000000000000>, C4<00000000000000000000000000000000>;
v0x55f12260c8b0_12 .array/port v0x55f12260c8b0, 12;
L_0x55f122622870 .functor BUFZ 32, v0x55f12260c8b0_12, C4<00000000000000000000000000000000>, C4<00000000000000000000000000000000>, C4<00000000000000000000000000000000>;
v0x55f12260c8b0_13 .array/port v0x55f12260c8b0, 13;
L_0x55f122622b60 .functor BUFZ 32, v0x55f12260c8b0_13, C4<00000000000000000000000000000000>, C4<00000000000000000000000000000000>, C4<00000000000000000000000000000000>;
v0x55f12260c8b0_14 .array/port v0x55f12260c8b0, 14;
L_0x55f122622cc0 .functor BUFZ 32, v0x55f12260c8b0_14, C4<00000000000000000000000000000000>, C4<00000000000000000000000000000000>, C4<00000000000000000000000000000000>;
v0x55f12260c8b0_15 .array/port v0x55f12260c8b0, 15;
L_0x55f122622d90 .functor BUFZ 32, v0x55f12260c8b0_15, C4<00000000000000000000000000000000>, C4<00000000000000000000000000000000>, C4<00000000000000000000000000000000>;
v0x55f12260c8b0_16 .array/port v0x55f12260c8b0, 16;
L_0x55f122622c30 .functor BUFZ 32, v0x55f12260c8b0_16, C4<00000000000000000000000000000000>, C4<00000000000000000000000000000000>, C4<00000000000000000000000000000000>;
v0x55f12260c8b0_17 .array/port v0x55f12260c8b0, 17;
L_0x55f122622f60 .functor BUFZ 32, v0x55f12260c8b0_17, C4<00000000000000000000000000000000>, C4<00000000000000000000000000000000>, C4<00000000000000000000000000000000>;
v0x55f12260c8b0_18 .array/port v0x55f12260c8b0, 18;
L_0x55f122622e60 .functor BUFZ 32, v0x55f12260c8b0_18, C4<00000000000000000000000000000000>, C4<00000000000000000000000000000000>, C4<00000000000000000000000000000000>;
v0x55f12260c8b0_19 .array/port v0x55f12260c8b0, 19;
L_0x55f122623110 .functor BUFZ 32, v0x55f12260c8b0_19, C4<00000000000000000000000000000000>, C4<00000000000000000000000000000000>, C4<00000000000000000000000000000000>;
v0x55f12260c8b0_20 .array/port v0x55f12260c8b0, 20;
L_0x55f122623030 .functor BUFZ 32, v0x55f12260c8b0_20, C4<00000000000000000000000000000000>, C4<00000000000000000000000000000000>, C4<00000000000000000000000000000000>;
v0x55f12260c8b0_21 .array/port v0x55f12260c8b0, 21;
L_0x55f1226232d0 .functor BUFZ 32, v0x55f12260c8b0_21, C4<00000000000000000000000000000000>, C4<00000000000000000000000000000000>, C4<00000000000000000000000000000000>;
v0x55f12260c8b0_22 .array/port v0x55f12260c8b0, 22;
L_0x55f1226231e0 .functor BUFZ 32, v0x55f12260c8b0_22, C4<00000000000000000000000000000000>, C4<00000000000000000000000000000000>, C4<00000000000000000000000000000000>;
v0x55f12260c8b0_23 .array/port v0x55f12260c8b0, 23;
L_0x55f1226234a0 .functor BUFZ 32, v0x55f12260c8b0_23, C4<00000000000000000000000000000000>, C4<00000000000000000000000000000000>, C4<00000000000000000000000000000000>;
v0x55f12260c8b0_24 .array/port v0x55f12260c8b0, 24;
L_0x55f1226233a0 .functor BUFZ 32, v0x55f12260c8b0_24, C4<00000000000000000000000000000000>, C4<00000000000000000000000000000000>, C4<00000000000000000000000000000000>;
v0x55f12260c8b0_25 .array/port v0x55f12260c8b0, 25;
L_0x55f122623650 .functor BUFZ 32, v0x55f12260c8b0_25, C4<00000000000000000000000000000000>, C4<00000000000000000000000000000000>, C4<00000000000000000000000000000000>;
v0x55f12260c8b0_26 .array/port v0x55f12260c8b0, 26;
L_0x55f122623570 .functor BUFZ 32, v0x55f12260c8b0_26, C4<00000000000000000000000000000000>, C4<00000000000000000000000000000000>, C4<00000000000000000000000000000000>;
v0x55f12260c8b0_27 .array/port v0x55f12260c8b0, 27;
L_0x55f122623810 .functor BUFZ 32, v0x55f12260c8b0_27, C4<00000000000000000000000000000000>, C4<00000000000000000000000000000000>, C4<00000000000000000000000000000000>;
v0x55f12260c8b0_28 .array/port v0x55f12260c8b0, 28;
L_0x55f122623720 .functor BUFZ 32, v0x55f12260c8b0_28, C4<00000000000000000000000000000000>, C4<00000000000000000000000000000000>, C4<00000000000000000000000000000000>;
v0x55f12260c8b0_29 .array/port v0x55f12260c8b0, 29;
L_0x55f1226239e0 .functor BUFZ 32, v0x55f12260c8b0_29, C4<00000000000000000000000000000000>, C4<00000000000000000000000000000000>, C4<00000000000000000000000000000000>;
v0x55f12260c8b0_30 .array/port v0x55f12260c8b0, 30;
L_0x55f1226238e0 .functor BUFZ 32, v0x55f12260c8b0_30, C4<00000000000000000000000000000000>, C4<00000000000000000000000000000000>, C4<00000000000000000000000000000000>;
v0x55f12260c8b0_31 .array/port v0x55f12260c8b0, 31;
L_0x55f122623bc0 .functor BUFZ 32, v0x55f12260c8b0_31, C4<00000000000000000000000000000000>, C4<00000000000000000000000000000000>, C4<00000000000000000000000000000000>;
v0x55f122609ec0_0 .net *"_ivl_0", 31 0, L_0x55f122621cf0;  1 drivers
v0x55f122609fc0_0 .net *"_ivl_10", 6 0, L_0x55f122621f70;  1 drivers
L_0x7f056d441258 .functor BUFT 1, C4<00>, C4<0>, C4<0>, C4<0>;
v0x55f12260a0a0_0 .net *"_ivl_13", 1 0, L_0x7f056d441258;  1 drivers
v0x55f12260a160_0 .net *"_ivl_2", 6 0, L_0x55f122621d90;  1 drivers
L_0x7f056d441210 .functor BUFT 1, C4<00>, C4<0>, C4<0>, C4<0>;
v0x55f12260a240_0 .net *"_ivl_5", 1 0, L_0x7f056d441210;  1 drivers
v0x55f12260a370_0 .net *"_ivl_8", 31 0, L_0x55f122621ed0;  1 drivers
v0x55f12260a450_0 .net "clk", 0 0, v0x55f1226102b0_0;  alias, 1 drivers
v0x55f12260a4f0_0 .var/i "i", 31 0;
v0x55f12260a5d0_0 .net "r0", 31 0, L_0x55f1226221b0;  1 drivers
v0x55f12260a6b0_0 .net "r1", 31 0, L_0x55f122622220;  1 drivers
v0x55f12260a790_0 .net "r10", 31 0, L_0x55f1226228e0;  1 drivers
v0x55f12260a870_0 .net "r11", 31 0, L_0x55f1226229b0;  1 drivers
v0x55f12260a950_0 .net "r12", 31 0, L_0x55f122622870;  1 drivers
v0x55f12260aa30_0 .net "r13", 31 0, L_0x55f122622b60;  1 drivers
v0x55f12260ab10_0 .net "r14", 31 0, L_0x55f122622cc0;  1 drivers
v0x55f12260abf0_0 .net "r15", 31 0, L_0x55f122622d90;  1 drivers
v0x55f12260acd0_0 .net "r16", 31 0, L_0x55f122622c30;  1 drivers
v0x55f12260adb0_0 .net "r17", 31 0, L_0x55f122622f60;  1 drivers
v0x55f12260ae90_0 .net "r18", 31 0, L_0x55f122622e60;  1 drivers
v0x55f12260af70_0 .net "r19", 31 0, L_0x55f122623110;  1 drivers
v0x55f12260b050_0 .net "r2", 31 0, L_0x55f122622290;  1 drivers
v0x55f12260b130_0 .net "r20", 31 0, L_0x55f122623030;  1 drivers
v0x55f12260b210_0 .net "r21", 31 0, L_0x55f1226232d0;  1 drivers
v0x55f12260b2f0_0 .net "r22", 31 0, L_0x55f1226231e0;  1 drivers
v0x55f12260b3d0_0 .net "r23", 31 0, L_0x55f1226234a0;  1 drivers
v0x55f12260b4b0_0 .net "r24", 31 0, L_0x55f1226233a0;  1 drivers
v0x55f12260b590_0 .net "r25", 31 0, L_0x55f122623650;  1 drivers
v0x55f12260b670_0 .net "r26", 31 0, L_0x55f122623570;  1 drivers
v0x55f12260b750_0 .net "r27", 31 0, L_0x55f122623810;  1 drivers
v0x55f12260b830_0 .net "r28", 31 0, L_0x55f122623720;  1 drivers
v0x55f12260b910_0 .net "r29", 31 0, L_0x55f1226239e0;  1 drivers
v0x55f12260b9f0_0 .net "r3", 31 0, L_0x55f122622300;  1 drivers
v0x55f12260bad0_0 .net "r30", 31 0, L_0x55f1226238e0;  1 drivers
v0x55f12260bdc0_0 .net "r31", 31 0, L_0x55f122623bc0;  1 drivers
v0x55f12260bea0_0 .net "r4", 31 0, L_0x55f122622370;  1 drivers
v0x55f12260bf80_0 .net "r5", 31 0, L_0x55f1226223e0;  1 drivers
v0x55f12260c060_0 .net "r6", 31 0, L_0x55f1226224d0;  1 drivers
v0x55f12260c140_0 .net "r7", 31 0, L_0x55f1226225a0;  1 drivers
v0x55f12260c220_0 .net "r8", 31 0, L_0x55f1226226d0;  1 drivers
v0x55f12260c300_0 .net "r9", 31 0, L_0x55f1226227a0;  1 drivers
v0x55f12260c3e0_0 .net "ra1", 4 0, L_0x55f122623ab0;  1 drivers
v0x55f12260c4c0_0 .net "ra2", 4 0, L_0x55f122623e90;  1 drivers
v0x55f12260c5a0_0 .net "ra3", 4 0, L_0x55f122623f30;  1 drivers
v0x55f12260c680_0 .net "rd1", 31 0, L_0x55f122611c70;  alias, 1 drivers
v0x55f12260c740_0 .net "rd2", 31 0, L_0x55f122622140;  alias, 1 drivers
v0x55f12260c810_0 .net "reset", 0 0, v0x55f122610350_0;  alias, 1 drivers
v0x55f12260c8b0 .array "rf", 0 31, 31 0;
v0x55f12260cd50_0 .net "wd3", 31 0, L_0x55f1226250d0;  alias, 1 drivers
v0x55f12260ce10_0 .net "we3", 0 0, L_0x55f1226103f0;  alias, 1 drivers
E_0x55f122609e40 .event posedge, v0x55f122604b70_0;
L_0x55f122621cf0 .array/port v0x55f12260c8b0, L_0x55f122621d90;
L_0x55f122621d90 .concat [ 5 2 0 0], L_0x55f122623ab0, L_0x7f056d441210;
L_0x55f122621ed0 .array/port v0x55f12260c8b0, L_0x55f122621f70;
L_0x55f122621f70 .concat [ 5 2 0 0], L_0x55f122623e90, L_0x7f056d441258;
    .scope S_0x55f122602d10;
T_0 ;
    %wait E_0x55f12257a690;
    %load/vec4 v0x55f122603620_0;
    %dup/vec4;
    %pushi/vec4 3, 0, 7;
    %cmp/x;
    %jmp/1 T_0.0, 4;
    %dup/vec4;
    %pushi/vec4 35, 0, 7;
    %cmp/x;
    %jmp/1 T_0.1, 4;
    %dup/vec4;
    %pushi/vec4 51, 0, 7;
    %cmp/x;
    %jmp/1 T_0.2, 4;
    %dup/vec4;
    %pushi/vec4 99, 0, 7;
    %cmp/x;
    %jmp/1 T_0.3, 4;
    %dup/vec4;
    %pushi/vec4 19, 0, 7;
    %cmp/x;
    %jmp/1 T_0.4, 4;
    %dup/vec4;
    %pushi/vec4 111, 0, 7;
    %cmp/x;
    %jmp/1 T_0.5, 4;
    %dup/vec4;
    %pushi/vec4 55, 0, 7;
    %cmp/x;
    %jmp/1 T_0.6, 4;
    %pushi/vec4 4095, 4095, 12;
    %store/vec4 v0x55f1226048a0_0, 0, 12;
    %jmp T_0.8;
T_0.0 ;
    %pushi/vec4 2192, 0, 12;
    %store/vec4 v0x55f1226048a0_0, 0, 12;
    %jmp T_0.8;
T_0.1 ;
    %pushi/vec4 496, 48, 12;
    %store/vec4 v0x55f1226048a0_0, 0, 12;
    %jmp T_0.8;
T_0.2 ;
    %pushi/vec4 3844, 1792, 12;
    %store/vec4 v0x55f1226048a0_0, 0, 12;
    %jmp T_0.8;
T_0.3 ;
    %pushi/vec4 570, 48, 12;
    %store/vec4 v0x55f1226048a0_0, 0, 12;
    %jmp T_0.8;
T_0.4 ;
    %pushi/vec4 2180, 0, 12;
    %store/vec4 v0x55f1226048a0_0, 0, 12;
    %jmp T_0.8;
T_0.5 ;
    %pushi/vec4 3239, 134, 12;
    %store/vec4 v0x55f1226048a0_0, 0, 12;
    %jmp T_0.8;
T_0.6 ;
    %pushi/vec4 2950, 6, 12;
    %store/vec4 v0x55f1226048a0_0, 0, 12;
    %jmp T_0.8;
T_0.8 ;
    %pop/vec4 1;
    %jmp T_0;
    .thread T_0, $push;
    .scope S_0x55f122602d10;
T_1 ;
    %wait E_0x55f12257a230;
    %load/vec4 v0x55f122602fe0_0;
    %dup/vec4;
    %pushi/vec4 0, 0, 2;
    %cmp/x;
    %jmp/1 T_1.0, 4;
    %dup/vec4;
    %pushi/vec4 1, 0, 2;
    %cmp/x;
    %jmp/1 T_1.1, 4;
    %dup/vec4;
    %pushi/vec4 2, 0, 2;
    %cmp/x;
    %jmp/1 T_1.2, 4;
    %pushi/vec4 0, 0, 3;
    %store/vec4 v0x55f122602ee0_0, 0, 3;
    %jmp T_1.4;
T_1.0 ;
    %pushi/vec4 0, 0, 3;
    %store/vec4 v0x55f122602ee0_0, 0, 3;
    %jmp T_1.4;
T_1.1 ;
    %pushi/vec4 1, 0, 3;
    %store/vec4 v0x55f122602ee0_0, 0, 3;
    %jmp T_1.4;
T_1.2 ;
    %load/vec4 v0x55f122603220_0;
    %dup/vec4;
    %pushi/vec4 0, 0, 3;
    %cmp/x;
    %jmp/1 T_1.5, 4;
    %dup/vec4;
    %pushi/vec4 1, 0, 3;
    %cmp/x;
    %jmp/1 T_1.6, 4;
    %dup/vec4;
    %pushi/vec4 2, 0, 3;
    %cmp/x;
    %jmp/1 T_1.7, 4;
    %dup/vec4;
    %pushi/vec4 3, 0, 3;
    %cmp/x;
    %jmp/1 T_1.8, 4;
    %dup/vec4;
    %pushi/vec4 4, 0, 3;
    %cmp/x;
    %jmp/1 T_1.9, 4;
    %dup/vec4;
    %pushi/vec4 5, 0, 3;
    %cmp/x;
    %jmp/1 T_1.10, 4;
    %dup/vec4;
    %pushi/vec4 6, 0, 3;
    %cmp/x;
    %jmp/1 T_1.11, 4;
    %dup/vec4;
    %pushi/vec4 7, 0, 3;
    %cmp/x;
    %jmp/1 T_1.12, 4;
    %pushi/vec4 0, 0, 3;
    %store/vec4 v0x55f122602ee0_0, 0, 3;
    %jmp T_1.14;
T_1.5 ;
    %pushi/vec4 0, 0, 3;
    %store/vec4 v0x55f122602ee0_0, 0, 3;
    %jmp T_1.14;
T_1.6 ;
    %pushi/vec4 1, 0, 3;
    %store/vec4 v0x55f122602ee0_0, 0, 3;
    %jmp T_1.14;
T_1.7 ;
    %pushi/vec4 2, 0, 3;
    %store/vec4 v0x55f122602ee0_0, 0, 3;
    %jmp T_1.14;
T_1.8 ;
    %pushi/vec4 3, 0, 3;
    %store/vec4 v0x55f122602ee0_0, 0, 3;
    %jmp T_1.14;
T_1.9 ;
    %pushi/vec4 4, 0, 3;
    %store/vec4 v0x55f122602ee0_0, 0, 3;
    %jmp T_1.14;
T_1.10 ;
    %pushi/vec4 5, 0, 3;
    %store/vec4 v0x55f122602ee0_0, 0, 3;
    %jmp T_1.14;
T_1.11 ;
    %pushi/vec4 6, 0, 3;
    %store/vec4 v0x55f122602ee0_0, 0, 3;
    %jmp T_1.14;
T_1.12 ;
    %pushi/vec4 7, 0, 3;
    %store/vec4 v0x55f122602ee0_0, 0, 3;
    %jmp T_1.14;
T_1.14 ;
    %pop/vec4 1;
    %jmp T_1.4;
T_1.4 ;
    %pop/vec4 1;
    %jmp T_1;
    .thread T_1, $push;
    .scope S_0x55f1226093e0;
T_2 ;
    %wait E_0x55f1226096b0;
    %load/vec4 v0x55f1226099d0_0;
    %flag_set/vec4 8;
    %jmp/0xz  T_2.0, 8;
    %pushi/vec4 0, 0, 32;
    %assign/vec4 v0x55f122609900_0, 0;
    %jmp T_2.1;
T_2.0 ;
    %load/vec4 v0x55f122609840_0;
    %assign/vec4 v0x55f122609900_0, 0;
T_2.1 ;
    %jmp T_2;
    .thread T_2;
    .scope S_0x55f122609b10;
T_3 ;
    %wait E_0x55f12257aab0;
    %pushi/vec4 0, 0, 32;
    %ix/load 3, 0, 0;
    %flag_set/imm 4, 0;
    %ix/load 4, 0, 0; Constant delay
    %assign/vec4/a/d v0x55f12260c8b0, 0, 4;
    %load/vec4 v0x55f12260ce10_0;
    %flag_set/vec4 8;
    %jmp/0xz  T_3.0, 8;
    %load/vec4 v0x55f12260cd50_0;
    %load/vec4 v0x55f12260c5a0_0;
    %pad/u 7;
    %ix/vec4 3;
    %ix/load 4, 0, 0; Constant delay
    %assign/vec4/a/d v0x55f12260c8b0, 0, 4;
T_3.0 ;
    %jmp T_3;
    .thread T_3;
    .scope S_0x55f122609b10;
T_4 ;
    %wait E_0x55f122609e40;
    %load/vec4 v0x55f12260c810_0;
    %flag_set/vec4 8;
    %jmp/0xz  T_4.0, 8;
    %pushi/vec4 0, 0, 32;
    %store/vec4 v0x55f12260a4f0_0, 0, 32;
T_4.2 ;
    %load/vec4 v0x55f12260a4f0_0;
    %cmpi/s 32, 0, 32;
    %jmp/0xz T_4.3, 5;
    %load/vec4 v0x55f12260a4f0_0;
    %pushi/vec4 8, 0, 32;
    %cmp/e;
    %flag_get/vec4 4;
    %load/vec4 v0x55f12260a4f0_0;
    %pushi/vec4 2, 0, 32;
    %cmp/e;
    %flag_get/vec4 4;
    %or;
    %flag_set/vec4 8;
    %jmp/0xz  T_4.4, 8;
    %pushi/vec4 64, 0, 32;
    %ix/getv/s 3, v0x55f12260a4f0_0;
    %ix/load 4, 0, 0; Constant delay
    %assign/vec4/a/d v0x55f12260c8b0, 0, 4;
    %jmp T_4.5;
T_4.4 ;
    %pushi/vec4 0, 0, 32;
    %ix/getv/s 3, v0x55f12260a4f0_0;
    %ix/load 4, 0, 0; Constant delay
    %assign/vec4/a/d v0x55f12260c8b0, 0, 4;
T_4.5 ;
    %load/vec4 v0x55f12260a4f0_0;
    %addi 1, 0, 32;
    %store/vec4 v0x55f12260a4f0_0, 0, 32;
    %jmp T_4.2;
T_4.3 ;
T_4.0 ;
    %jmp T_4;
    .thread T_4;
    .scope S_0x55f122608720;
T_5 ;
    %wait E_0x55f12257aaf0;
    %load/vec4 v0x55f122608a90_0;
    %dup/vec4;
    %pushi/vec4 0, 0, 3;
    %cmp/u;
    %jmp/1 T_5.0, 6;
    %dup/vec4;
    %pushi/vec4 1, 0, 3;
    %cmp/u;
    %jmp/1 T_5.1, 6;
    %dup/vec4;
    %pushi/vec4 2, 0, 3;
    %cmp/u;
    %jmp/1 T_5.2, 6;
    %dup/vec4;
    %pushi/vec4 3, 0, 3;
    %cmp/u;
    %jmp/1 T_5.3, 6;
    %dup/vec4;
    %pushi/vec4 4, 0, 3;
    %cmp/u;
    %jmp/1 T_5.4, 6;
    %pushi/vec4 0, 0, 32;
    %store/vec4 v0x55f122608960_0, 0, 32;
    %jmp T_5.6;
T_5.0 ;
    %load/vec4 v0x55f122608b50_0;
    %parti/s 1, 31, 6;
    %replicate 20;
    %load/vec4 v0x55f122608b50_0;
    %parti/s 12, 20, 6;
    %concat/vec4; draw_concat_vec4
    %store/vec4 v0x55f122608960_0, 0, 32;
    %jmp T_5.6;
T_5.1 ;
    %load/vec4 v0x55f122608b50_0;
    %parti/s 1, 31, 6;
    %replicate 20;
    %load/vec4 v0x55f122608b50_0;
    %parti/s 7, 25, 6;
    %concat/vec4; draw_concat_vec4
    %load/vec4 v0x55f122608b50_0;
    %parti/s 5, 7, 4;
    %concat/vec4; draw_concat_vec4
    %store/vec4 v0x55f122608960_0, 0, 32;
    %jmp T_5.6;
T_5.2 ;
    %load/vec4 v0x55f122608b50_0;
    %parti/s 1, 31, 6;
    %replicate 20;
    %load/vec4 v0x55f122608b50_0;
    %parti/s 1, 7, 4;
    %concat/vec4; draw_concat_vec4
    %load/vec4 v0x55f122608b50_0;
    %parti/s 6, 25, 6;
    %concat/vec4; draw_concat_vec4
    %load/vec4 v0x55f122608b50_0;
    %parti/s 4, 8, 5;
    %concat/vec4; draw_concat_vec4
    %concati/vec4 0, 0, 1;
    %store/vec4 v0x55f122608960_0, 0, 32;
    %jmp T_5.6;
T_5.3 ;
    %load/vec4 v0x55f122608b50_0;
    %parti/s 20, 12, 5;
    %concati/vec4 0, 0, 12;
    %store/vec4 v0x55f122608960_0, 0, 32;
    %jmp T_5.6;
T_5.4 ;
    %load/vec4 v0x55f122608b50_0;
    %parti/s 1, 31, 6;
    %replicate 12;
    %load/vec4 v0x55f122608b50_0;
    %parti/s 8, 12, 5;
    %concat/vec4; draw_concat_vec4
    %load/vec4 v0x55f122608b50_0;
    %parti/s 1, 20, 6;
    %concat/vec4; draw_concat_vec4
    %load/vec4 v0x55f122608b50_0;
    %parti/s 10, 21, 6;
    %concat/vec4; draw_concat_vec4
    %concati/vec4 0, 0, 1;
    %store/vec4 v0x55f122608960_0, 0, 32;
    %jmp T_5.6;
T_5.6 ;
    %pop/vec4 1;
    %jmp T_5;
    .thread T_5, $push;
    .scope S_0x55f122607690;
T_6 ;
    %wait E_0x55f122565bd0;
    %load/vec4 v0x55f122607940_0;
    %dup/vec4;
    %pushi/vec4 0, 0, 3;
    %cmp/u;
    %jmp/1 T_6.0, 6;
    %dup/vec4;
    %pushi/vec4 1, 0, 3;
    %cmp/u;
    %jmp/1 T_6.1, 6;
    %dup/vec4;
    %pushi/vec4 2, 0, 3;
    %cmp/u;
    %jmp/1 T_6.2, 6;
    %dup/vec4;
    %pushi/vec4 3, 0, 3;
    %cmp/u;
    %jmp/1 T_6.3, 6;
    %dup/vec4;
    %pushi/vec4 4, 0, 3;
    %cmp/u;
    %jmp/1 T_6.4, 6;
    %dup/vec4;
    %pushi/vec4 5, 0, 3;
    %cmp/u;
    %jmp/1 T_6.5, 6;
    %dup/vec4;
    %pushi/vec4 6, 0, 3;
    %cmp/u;
    %jmp/1 T_6.6, 6;
    %dup/vec4;
    %pushi/vec4 7, 0, 3;
    %cmp/u;
    %jmp/1 T_6.7, 6;
    %load/vec4 v0x55f122608560_0;
    %store/vec4 v0x55f122607a50_0, 0, 32;
    %jmp T_6.9;
T_6.0 ;
    %load/vec4 v0x55f122608560_0;
    %store/vec4 v0x55f122607a50_0, 0, 32;
    %jmp T_6.9;
T_6.1 ;
    %load/vec4 v0x55f122607b40_0;
    %load/vec4 v0x55f122607c00_0;
    %parti/s 5, 0, 2;
    %ix/vec4 4;
    %shiftl 4;
    %store/vec4 v0x55f122607a50_0, 0, 32;
    %jmp T_6.9;
T_6.2 ;
    %load/vec4 v0x55f122607b40_0;
    %load/vec4 v0x55f122607c00_0;
    %cmp/s;
    %flag_mov 8, 5;
    %jmp/0 T_6.10, 8;
    %pushi/vec4 1, 0, 32;
    %jmp/1 T_6.11, 8;
T_6.10 ; End of true expr.
    %pushi/vec4 0, 0, 32;
    %jmp/0 T_6.11, 8;
 ; End of false expr.
    %blend;
T_6.11;
    %store/vec4 v0x55f122607a50_0, 0, 32;
    %jmp T_6.9;
T_6.3 ;
    %load/vec4 v0x55f122607b40_0;
    %load/vec4 v0x55f122607c00_0;
    %cmp/u;
    %flag_mov 8, 5;
    %jmp/0 T_6.12, 8;
    %pushi/vec4 1, 0, 32;
    %jmp/1 T_6.13, 8;
T_6.12 ; End of true expr.
    %pushi/vec4 0, 0, 32;
    %jmp/0 T_6.13, 8;
 ; End of false expr.
    %blend;
T_6.13;
    %store/vec4 v0x55f122607a50_0, 0, 32;
    %jmp T_6.9;
T_6.4 ;
    %load/vec4 v0x55f122607b40_0;
    %load/vec4 v0x55f122607c00_0;
    %xor;
    %store/vec4 v0x55f122607a50_0, 0, 32;
    %jmp T_6.9;
T_6.5 ;
    %load/vec4 v0x55f122607b40_0;
    %load/vec4 v0x55f122607c00_0;
    %parti/s 5, 0, 2;
    %ix/vec4 4;
    %shiftr 4;
    %store/vec4 v0x55f122607a50_0, 0, 32;
    %jmp T_6.9;
T_6.6 ;
    %load/vec4 v0x55f122607b40_0;
    %load/vec4 v0x55f122607c00_0;
    %or;
    %store/vec4 v0x55f122607a50_0, 0, 32;
    %jmp T_6.9;
T_6.7 ;
    %load/vec4 v0x55f122607b40_0;
    %load/vec4 v0x55f122607c00_0;
    %and;
    %store/vec4 v0x55f122607a50_0, 0, 32;
    %jmp T_6.9;
T_6.9 ;
    %pop/vec4 1;
    %jmp T_6;
    .thread T_6, $push;
    .scope S_0x55f122578ef0;
T_7 ;
    %vpi_call 5 8 "$readmemb", "memfile.dat", v0x55f122602610 {0 0 0};
    %end;
    .thread T_7;
    .scope S_0x55f1225eb790;
T_8 ;
    %vpi_call 4 14 "$readmemh", "datafile.dat", v0x55f1225e5a70 {0 0 0};
    %end;
    .thread T_8;
    .scope S_0x55f1225eb790;
T_9 ;
    %wait E_0x55f12257aab0;
    %load/vec4 v0x55f122602490_0;
    %flag_set/vec4 8;
    %jmp/0xz  T_9.0, 8;
    %load/vec4 v0x55f1226023b0_0;
    %load/vec4 v0x55f1225a1d50_0;
    %parti/s 30, 2, 3;
    %ix/vec4 3;
    %ix/load 4, 0, 0; Constant delay
    %assign/vec4/a/d v0x55f1225e5a70, 0, 4;
T_9.0 ;
    %jmp T_9;
    .thread T_9;
    .scope S_0x55f1225f29a0;
T_10 ;
    %pushi/vec4 1, 0, 1;
    %store/vec4 v0x55f122610350_0, 0, 1;
    %delay 5, 0;
    %pushi/vec4 0, 0, 1;
    %store/vec4 v0x55f122610350_0, 0, 1;
    %delay 5, 0;
    %pushi/vec4 0, 0, 1;
    %store/vec4 v0x55f122610350_0, 0, 1;
    %delay 200, 0;
    %vpi_call 2 18 "$finish" {0 0 0};
    %end;
    .thread T_10;
    .scope S_0x55f1225f29a0;
T_11 ;
    %pushi/vec4 1, 0, 1;
    %assign/vec4 v0x55f1226102b0_0, 0;
    %delay 5, 0;
    %pushi/vec4 0, 0, 1;
    %assign/vec4 v0x55f1226102b0_0, 0;
    %delay 5, 0;
    %jmp T_11;
    .thread T_11;
    .scope S_0x55f1225f29a0;
T_12 ;
    %vpi_call 2 29 "$dumpfile", "probando.vcd" {0 0 0};
    %vpi_call 2 30 "$dumpvars" {0 0 0};
    %end;
    .thread T_12;
# The file index is used to find the file name in the following table.
:file_names 15;
    "N/A";
    "<interactive>";
    "testbench.v";
    "top.v";
    "dmem.v";
    "imem.v";
    "risc.v";
    "controller.v";
    "datapath.v";
    "mux.v";
    "adder.v";
    "alu.v";
    "extend.v";
    "flopr.v";
    "register_file.v";
